<?xml version="1.0" encoding="UTF-8"?>
<!-- Generated by org.testng.reporters.JUnitReportReporter -->
<testsuite skipped="0" hostname="GBBQBQH001M0311.local" name="testHudlauto.AutomationHudl.RunnerClass" tests="6" failures="0" timestamp="2021-12-08T19:20:47 GMT" time="44.809" errors="0">
  <testcase name="runScenario" time="5.004" classname="testHudlauto.AutomationHudl.RunnerClass"/>
  <system-out/>
  <testcase name="runScenario" time="15.320" classname="testHudlauto.AutomationHudl.RunnerClass"/>
  <system-out/>
  <testcase name="runScenario" time="4.309" classname="testHudlauto.AutomationHudl.RunnerClass"/>
  <system-out/>
  <testcase name="runScenario" time="4.807" classname="testHudlauto.AutomationHudl.RunnerClass"/>
  <system-out/>
  <testcase name="runScenario" time="6.905" classname="testHudlauto.AutomationHudl.RunnerClass"/>
  <system-out/>
  <testcase name="runScenario" time="8.464" classname="testHudlauto.AutomationHudl.RunnerClass"/>
  <system-out/>
</testsuite> <!-- testHudlauto.AutomationHudl.RunnerClass -->
